<?xml version="1.0" encoding="UTF-8"?>
<testsuite name="mk.ukim.finki.SILab2Test" tests="2" skipped="0" failures="0" errors="0" timestamp="2023-05-27T21:55:44" hostname="DESKTOP-HH2RIED" time="0.044">
  <properties/>
  <testcase name="everyBranch()" classname="mk.ukim.finki.SILab2Test" time="0.039"/>
  <testcase name="multipleConditions()" classname="mk.ukim.finki.SILab2Test" time="0.004"/>
  <system-out><![CDATA[]]></system-out>
  <system-err><![CDATA[]]></system-err>
</testsuite>
